Using pre-set license
Built from '2021.3/staging' branch; Version is '2021.3.14f1 (eee1884e7226) revision 15655304'; Using compiler version '192829333'; Build Type 'Release'
OS: 'Windows 11  (10.0.22000) 64bit Core' Language: 'en' Physical Memory: 7967 MB
BatchMode: 1, IsHumanControllingUs: 0, StartBugReporterOnCrash: 0, Is64bit: 1, IsPro: 1

COMMAND LINE ARGUMENTS:
C:\Program Files\Unity\Hub\Editor\2021.3.14f1\Editor\Unity.exe
-adb2
-batchMode
-noUpm
-name
AssetImportWorker0
-projectPath
C:/Users/raych/Documents/Ray/rnd/testshader2d
-logFile
Logs/AssetImportWorker0.log
-srvPort
4374
Successfully changed project path to: C:/Users/raych/Documents/Ray/rnd/testshader2d
C:/Users/raych/Documents/Ray/rnd/testshader2d
[UnityMemory] Configuration Parameters - Can be set up in boot.config
    "memorysetup-bucket-allocator-granularity=16"
    "memorysetup-bucket-allocator-bucket-count=8"
    "memorysetup-bucket-allocator-block-size=33554432"
    "memorysetup-bucket-allocator-block-count=8"
    "memorysetup-main-allocator-block-size=16777216"
    "memorysetup-thread-allocator-block-size=16777216"
    "memorysetup-gfx-main-allocator-block-size=16777216"
    "memorysetup-gfx-thread-allocator-block-size=16777216"
    "memorysetup-cache-allocator-block-size=4194304"
    "memorysetup-typetree-allocator-block-size=2097152"
    "memorysetup-profiler-bucket-allocator-granularity=16"
    "memorysetup-profiler-bucket-allocator-bucket-count=8"
    "memorysetup-profiler-bucket-allocator-block-size=33554432"
    "memorysetup-profiler-bucket-allocator-block-count=8"
    "memorysetup-profiler-allocator-block-size=16777216"
    "memorysetup-profiler-editor-allocator-block-size=1048576"
    "memorysetup-temp-allocator-size-main=16777216"
    "memorysetup-job-temp-allocator-block-size=2097152"
    "memorysetup-job-temp-allocator-block-size-background=1048576"
    "memorysetup-job-temp-allocator-reduction-small-platforms=262144"
    "memorysetup-temp-allocator-size-background-worker=32768"
    "memorysetup-temp-allocator-size-job-worker=262144"
    "memorysetup-temp-allocator-size-preload-manager=33554432"
    "memorysetup-temp-allocator-size-nav-mesh-worker=65536"
    "memorysetup-temp-allocator-size-audio-worker=65536"
    "memorysetup-temp-allocator-size-cloud-worker=32768"
    "memorysetup-temp-allocator-size-gi-baking-worker=262144"
    "memorysetup-temp-allocator-size-gfx=262144"
Refreshing native plugins compatible for Editor in 114.56 ms, found 4 plugins.
Preloading 0 native plugins for Editor in 0.00 ms.
Initialize engine version: 2021.3.14f1 (eee1884e7226)
[Subsystems] Discovering subsystems at path C:/Program Files/Unity/Hub/Editor/2021.3.14f1/Editor/Data/Resources/UnitySubsystems
[Subsystems] Discovering subsystems at path C:/Users/raych/Documents/Ray/rnd/testshader2d/Assets
GfxDevice: creating device client; threaded=0; jobified=0
Direct3D:
    Version:  Direct3D 11.0 [level 11.1]
    Renderer: Intel(R) UHD Graphics 620 (ID=0x3ea0)
    Vendor:   Intel
    VRAM:     3983 MB
    Driver:   27.20.100.9664
Initialize mono
Mono path[0] = 'C:/Program Files/Unity/Hub/Editor/2021.3.14f1/Editor/Data/Managed'
Mono path[1] = 'C:/Program Files/Unity/Hub/Editor/2021.3.14f1/Editor/Data/MonoBleedingEdge/lib/mono/unityjit-win32'
Mono config path = 'C:/Program Files/Unity/Hub/Editor/2021.3.14f1/Editor/Data/MonoBleedingEdge/etc'
Using monoOptions --debugger-agent=transport=dt_socket,embedding=1,server=y,suspend=n,address=127.0.0.1:56144
Begin MonoManager ReloadAssembly
Registering precompiled unity dll's ...
Register platform support module: C:/Program Files/Unity/Hub/Editor/2021.3.14f1/Editor/Data/PlaybackEngines/WindowsStandaloneSupport/UnityEditor.WindowsStandalone.Extensions.dll
Registered in 0.004565 seconds.
Native extension for WindowsStandalone target not found
Refreshing native plugins compatible for Editor in 107.15 ms, found 4 plugins.
Preloading 0 native plugins for Editor in 0.00 ms.
Mono: successfully reloaded assembly
- Completed reload, in  0.779 seconds
Domain Reload Profiling:
	ReloadAssembly (780ms)
		BeginReloadAssembly (86ms)
			ExecutionOrderSort (0ms)
			DisableScriptedObjects (0ms)
			BackupInstance (0ms)
			ReleaseScriptingObjects (0ms)
			CreateAndSetChildDomain (1ms)
		EndReloadAssembly (569ms)
			LoadAssemblies (83ms)
			RebuildTransferFunctionScriptingTraits (0ms)
			SetupTypeCache (124ms)
			ReleaseScriptCaches (0ms)
			RebuildScriptCaches (49ms)
			SetupLoadedEditorAssemblies (324ms)
				LogAssemblyErrors (0ms)
				InitializePlatformSupportModulesInManaged (8ms)
				SetLoadedEditorAssemblies (0ms)
				RefreshPlugins (107ms)
				BeforeProcessingInitializeOnLoad (1ms)
				ProcessInitializeOnLoadAttributes (154ms)
				ProcessInitializeOnLoadMethodAttributes (53ms)
				AfterProcessingInitializeOnLoad (0ms)
				EditorAssembliesLoaded (0ms)
			ExecutionOrderSort2 (0ms)
			AwakeInstancesAfterBackupRestoration (0ms)
Platform modules already initialized, skipping
Registering precompiled user dll's ...
Registered in 0.007184 seconds.
Begin MonoManager ReloadAssembly
Symbol file LoadedFromMemory doesn't match image C:\Users\raych\Documents\Ray\rnd\testshader2d\Library\PackageCache\com.unity.visualscripting@1.7.8\Editor\VisualScripting.Core\Dependencies\YamlDotNet\Unity.VisualScripting.YamlDotNet.dll
Symbol file LoadedFromMemory doesn't match image C:\Users\raych\Documents\Ray\rnd\testshader2d\Library\PackageCache\com.unity.visualscripting@1.7.8\Editor\VisualScripting.Core\Dependencies\DotNetZip\Unity.VisualScripting.IonicZip.dll
Native extension for WindowsStandalone target not found
Refreshing native plugins compatible for Editor in 115.74 ms, found 4 plugins.
Preloading 0 native plugins for Editor in 0.00 ms.
Mono: successfully reloaded assembly
- Completed reload, in  1.377 seconds
Domain Reload Profiling:
	ReloadAssembly (1377ms)
		BeginReloadAssembly (148ms)
			ExecutionOrderSort (0ms)
			DisableScriptedObjects (6ms)
			BackupInstance (0ms)
			ReleaseScriptingObjects (0ms)
			CreateAndSetChildDomain (23ms)
		EndReloadAssembly (1095ms)
			LoadAssemblies (88ms)
			RebuildTransferFunctionScriptingTraits (0ms)
			SetupTypeCache (330ms)
			ReleaseScriptCaches (1ms)
			RebuildScriptCaches (62ms)
			SetupLoadedEditorAssemblies (553ms)
				LogAssemblyErrors (0ms)
				InitializePlatformSupportModulesInManaged (5ms)
				SetLoadedEditorAssemblies (0ms)
				RefreshPlugins (116ms)
				BeforeProcessingInitializeOnLoad (108ms)
				ProcessInitializeOnLoadAttributes (271ms)
				ProcessInitializeOnLoadMethodAttributes (47ms)
				AfterProcessingInitializeOnLoad (6ms)
				EditorAssembliesLoaded (0ms)
			ExecutionOrderSort2 (0ms)
			AwakeInstancesAfterBackupRestoration (9ms)
Platform modules already initialized, skipping
========================================================================
Worker process is ready to serve import requests
Launched and connected shader compiler UnityShaderCompiler.exe after 0.13 seconds
Refreshing native plugins compatible for Editor in 0.75 ms, found 4 plugins.
Preloading 0 native plugins for Editor in 0.00 ms.
Unloading 4044 Unused Serialized files (Serialized files now loaded: 0)
Unloading 38 unused Assets / (56.1 KB). Loaded Objects now: 4502.
Memory consumption went from 150.8 MB to 150.7 MB.
Total: 5.454700 ms (FindLiveObjects: 0.373900 ms CreateObjectMapping: 0.333300 ms MarkObjects: 4.641400 ms  DeleteObjects: 0.104900 ms)

AssetImportParameters requested are different than current active one (requested -> active):
  custom:video-decoder-ogg-theora: a1e56fd34408186e4bbccfd4996cb3dc -> 
  custom:container-muxer-webm: aa71ff27fc2769a1b78a27578f13a17b -> 
  custom:container-demuxer-webm: 4f35f7cbe854078d1ac9338744f61a02 -> 
  custom:video-encoder-webm-vp8: eb34c28f22e8b96e1ab97ce403110664 -> 
  custom:video-codec-MediaFoundation-h265: 746d11721c4dcdbdad8f713fa42b33f4 -> 
  custom:audio-encoder-webm-vorbis: bf7c407c2cedff20999df2af8eb42d56 -> 
  custom:framework-win-MediaFoundation: 216162199b28c13a410421893ffa2e32 -> 
  custom:container-demuxer-ogg: 62fdf1f143b41e24485cea50d1cbac27 -> 
  custom:video-decoder-webm-vp8: 9c59270c3fd7afecdb556c50c9e8de78 -> 
  custom:audio-decoder-ogg-vorbis: bf7c407c2cedff20999df2af8eb42d56 -> 
========================================================================
Received Import Request.
  Time since last request: 58024.693994 seconds.
  path: Assets/Scenes/GradientShader.shader
  artifactKey: Guid(43f59c6689197c54c934dafe5a3cfb14) Importer(815301076,1909f56bfc062723c751e8b465ee728b)
Start importing Assets/Scenes/GradientShader.shader using Guid(43f59c6689197c54c934dafe5a3cfb14) Importer(815301076,1909f56bfc062723c751e8b465ee728b)  -> (artifact id: '3958452a6252f1412f166ba772a6ea04') in 0.042287 seconds 
========================================================================
Received Import Request.
  Time since last request: 368.101768 seconds.
  path: Assets/Scenes/GradientShader.shader
  artifactKey: Guid(43f59c6689197c54c934dafe5a3cfb14) Importer(815301076,1909f56bfc062723c751e8b465ee728b)
Start importing Assets/Scenes/GradientShader.shader using Guid(43f59c6689197c54c934dafe5a3cfb14) Importer(815301076,1909f56bfc062723c751e8b465ee728b)  -> (artifact id: '6a4b7df8d4b1bd1172226f2c85cf2278') in 0.031096 seconds 
========================================================================
Received Import Request.
  Time since last request: 128.504216 seconds.
  path: Assets/Scenes/GradientShader.shader
  artifactKey: Guid(43f59c6689197c54c934dafe5a3cfb14) Importer(815301076,1909f56bfc062723c751e8b465ee728b)
Start importing Assets/Scenes/GradientShader.shader using Guid(43f59c6689197c54c934dafe5a3cfb14) Importer(815301076,1909f56bfc062723c751e8b465ee728b)  -> (artifact id: 'add3d7d8248f24363ece921919beb091') in 0.007328 seconds 
========================================================================
Received Import Request.
  Time since last request: 10.098032 seconds.
  path: Assets/Scenes/Gradient.unity
  artifactKey: Guid(426c435859423664d851b969f93bab7b) Importer(815301076,1909f56bfc062723c751e8b465ee728b)
Start importing Assets/Scenes/Gradient.unity using Guid(426c435859423664d851b969f93bab7b) Importer(815301076,1909f56bfc062723c751e8b465ee728b)  -> (artifact id: 'b99eb1f631dc1ef724e5a1fa1361eaba') in 0.007019 seconds 
========================================================================
Received Import Request.
  Time since last request: 32.543614 seconds.
  path: Assets/Scenes/GradientMaterial.mat
  artifactKey: Guid(c5272a53392d5cf43a026e774df08c88) Importer(815301076,1909f56bfc062723c751e8b465ee728b)
Start importing Assets/Scenes/GradientMaterial.mat using Guid(c5272a53392d5cf43a026e774df08c88) Importer(815301076,1909f56bfc062723c751e8b465ee728b)  -> (artifact id: 'cf83d33e20417b16dfb6c4d4d1355a92') in 0.463217 seconds 
========================================================================
Received Import Request.
  Time since last request: 21.777101 seconds.
  path: Assets/Scenes/GradientShader.shader
  artifactKey: Guid(43f59c6689197c54c934dafe5a3cfb14) Importer(815301076,1909f56bfc062723c751e8b465ee728b)
Start importing Assets/Scenes/GradientShader.shader using Guid(43f59c6689197c54c934dafe5a3cfb14) Importer(815301076,1909f56bfc062723c751e8b465ee728b)  -> (artifact id: '605bcc761a283ab58a9db4a2c36ac4e9') in 0.009245 seconds 
========================================================================
Received Import Request.
  Time since last request: 49.096117 seconds.
  path: Assets/Scenes/GradientMaterial.mat
  artifactKey: Guid(c5272a53392d5cf43a026e774df08c88) Importer(815301076,1909f56bfc062723c751e8b465ee728b)
Start importing Assets/Scenes/GradientMaterial.mat using Guid(c5272a53392d5cf43a026e774df08c88) Importer(815301076,1909f56bfc062723c751e8b465ee728b)  -> (artifact id: '5bb78f18a6423f4b6d7ddeb9bd808d12') in 0.063148 seconds 
========================================================================
Received Import Request.
  Time since last request: 9.433914 seconds.
  path: Assets/Scenes/GradientMaterial.mat
  artifactKey: Guid(c5272a53392d5cf43a026e774df08c88) Importer(815301076,1909f56bfc062723c751e8b465ee728b)
Start importing Assets/Scenes/GradientMaterial.mat using Guid(c5272a53392d5cf43a026e774df08c88) Importer(815301076,1909f56bfc062723c751e8b465ee728b)  -> (artifact id: '505b1fc5597187c8f4669af75b46f856') in 0.067307 seconds 
